<component name="libraryTable">
  <library name="jUnit4">
    <CLASSES>
      <root url="file://$PROJECT_DIR$/../Soft/jUnit4.12" />
    </CLASSES>
    <JAVADOC />
    <SOURCES>
      <root url="file://$PROJECT_DIR$/../Soft/jUnit4.12" />
    </SOURCES>
    <jarDirectory url="file://$PROJECT_DIR$/../Soft/jUnit4.12" recursive="false" />
    <jarDirectory url="file://$PROJECT_DIR$/../Soft/jUnit4.12" recursive="false" type="SOURCES" />
  </library>
</component>