<component name="libraryTable">
  <library name="jUnit4.12-20190726T194717Z-001">
    <CLASSES>
      <root url="jar://$PROJECT_DIR$/../Soft/jUnit4.12-20190726T194717Z-001.zip!/" />
    </CLASSES>
    <JAVADOC />
    <SOURCES />
    <jarDirectory url="jar://$PROJECT_DIR$/../Soft/jUnit4.12-20190726T194717Z-001.zip!/" recursive="false" />
  </library>
</component>